c:\users\fmm\documents\visual studio 2017\projects\multispecimageclassification\multispecimageclassification\x64\release\vc141.pdb
c:\users\fmm\documents\visual studio 2017\projects\multispecimageclassification\multispecimageclassification\x64\release\.netframework,version=v4.6.1.assemblyattributes.obj
c:\users\fmm\documents\visual studio 2017\projects\multispecimageclassification\multispecimageclassification\x64\release\.netframework,version=v4.6.1.assemblyattributes.asm
c:\users\fmm\documents\visual studio 2017\projects\multispecimageclassification\multispecimageclassification\x64\release\multispecsegmentation.obj
c:\users\fmm\documents\visual studio 2017\projects\multispecimageclassification\x64\release\multispecimageclassification.exe
c:\users\fmm\documents\visual studio 2017\projects\multispecimageclassification\x64\release\multispecimageclassification.pdb
c:\users\fmm\documents\visual studio 2017\projects\multispecimageclassification\multispecimageclassification\x64\release\multispecimageclassification.multispecsegmentation.resources
c:\users\fmm\documents\visual studio 2017\projects\multispecimageclassification\x64\release\multispecimageclassification.lib
c:\users\fmm\documents\visual studio 2017\projects\multispecimageclassification\x64\release\multispecimageclassification.exp
c:\users\fmm\documents\visual studio 2017\projects\multispecimageclassification\multispecimageclassification\x64\release\multispecimageclassification.vcxproj.generateresource.cache
c:\users\fmm\documents\visual studio 2017\projects\multispecimageclassification\multispecimageclassification\x64\release\multispecimageclassification.vcxprojresolveassemblyreference.cache
c:\users\fmm\documents\visual studio 2017\projects\multispecimageclassification\multispecimageclassification\x64\release\multispe.1de3392a.tlog\cl.command.1.tlog
c:\users\fmm\documents\visual studio 2017\projects\multispecimageclassification\multispecimageclassification\x64\release\multispe.1de3392a.tlog\cl.read.1.tlog
c:\users\fmm\documents\visual studio 2017\projects\multispecimageclassification\multispecimageclassification\x64\release\multispe.1de3392a.tlog\cl.write.1.tlog
c:\users\fmm\documents\visual studio 2017\projects\multispecimageclassification\multispecimageclassification\x64\release\multispe.1de3392a.tlog\link.command.1.tlog
c:\users\fmm\documents\visual studio 2017\projects\multispecimageclassification\multispecimageclassification\x64\release\multispe.1de3392a.tlog\link.read.1.tlog
c:\users\fmm\documents\visual studio 2017\projects\multispecimageclassification\multispecimageclassification\x64\release\multispe.1de3392a.tlog\link.write.1.tlog
c:\users\fmm\documents\visual studio 2017\projects\multispecimageclassification\multispecimageclassification\x64\release\multispe.1de3392a.tlog\metagen.read.1.tlog
c:\users\fmm\documents\visual studio 2017\projects\multispecimageclassification\multispecimageclassification\x64\release\multispe.1de3392a.tlog\metagen.write.1.tlog
c:\users\fmm\documents\visual studio 2017\projects\multispecimageclassification\multispecimageclassification\x64\release\multispe.1de3392a.tlog\multispecimageclassification.write.1u.tlog
c:\users\fmm\documents\visual studio 2017\projects\multispecimageclassification\multispecimageclassification\x64\release\multispe.1de3392a.tlog\tzres.dll.bi
